<?xml version="1.0" encoding="UTF-8"?>
<coverage generated="1746909840920" clover="3.2.0">
  <project timestamp="1746909840920" name="All files">
    <metrics statements="15" coveredstatements="14" conditionals="9" coveredconditionals="8" methods="6" coveredmethods="5" elements="30" coveredelements="27" complexity="0" loc="15" ncloc="15" packages="1" files="1" classes="1"/>
    <file name="App.js" path="D:\Cheaper\cheaperFrontEnd\cheaperFrontEnd\src\App.js">
      <metrics statements="15" coveredstatements="14" conditionals="9" coveredconditionals="8" methods="6" coveredmethods="5"/>
      <line num="6" count="9" type="stmt"/>
      <line num="7" count="9" type="stmt"/>
      <line num="8" count="9" type="stmt"/>
      <line num="9" count="9" type="stmt"/>
      <line num="11" count="9" type="stmt"/>
      <line num="12" count="1" type="stmt"/>
      <line num="13" count="1" type="stmt"/>
      <line num="16" count="1" type="stmt"/>
      <line num="17" count="1" type="stmt"/>
      <line num="23" count="1" type="stmt"/>
      <line num="24" count="1" type="stmt"/>
      <line num="28" count="9" type="stmt"/>
      <line num="45" count="3" type="stmt"/>
      <line num="60" count="1" type="stmt"/>
      <line num="70" count="0" type="stmt"/>
    </file>
  </project>
</coverage>
